<?xml version="1.0" encoding="UTF-8"?>
<!-- Generated by org.testng.reporters.JUnitReportReporter -->
<testsuite hostname="DESKTOP-RU3B837" failures="0" tests="1" name="com.pc.Testspc" time="0.017" errors="0" timestamp="2021-10-21T16:55:52 PET" skipped="0">
  <testcase classname="com.pc.Testspc" name="Test01" time="0.017"/>
  <system-out/>
</testsuite> <!-- com.pc.Testspc -->
