<?xml version="1.0" encoding="UTF-8"?>
<!-- Generated by org.testng.reporters.JUnitReportReporter -->
<testsuite hostname="DESKTOP-RU3B837" failures="0" tests="1" name="com.pc.TestBioAlert" time="0.011" errors="0" timestamp="2021-10-21T22:37:26 PET" skipped="0">
  <testcase classname="com.pc.TestBioAlert" name="test01" time="0.011"/>
  <system-out/>
</testsuite> <!-- com.pc.TestBioAlert -->
