<?xml version="1.0" encoding="UTF-8"?>
<!-- Generated by org.testng.reporters.JUnitReportReporter -->
<testsuite hostname="DESKTOP-RU3B837" failures="0" tests="1" name="com.pc.TestSomething" time="0.008" errors="0" timestamp="2021-10-21T17:08:06 PET" skipped="0">
  <testcase classname="com.pc.TestSomething" name="testbase" time="0.008"/>
  <system-out/>
</testsuite> <!-- com.pc.TestSomething -->
